<?xml version="1.0" encoding="UTF-8"?>
<testsuite xmlns:xsi="http://www.w3.org/2001/XMLSchema-instance" xsi:noNamespaceSchemaLocation="https://maven.apache.org/surefire/maven-surefire-plugin/xsd/surefire-test-report-3.0.xsd" version="3.0" name="school.sptech.projeto1.heranca.CarrinhoTest" time="0.159" tests="16" errors="3" skipped="0" failures="1">
  <properties>
    <property name="java.specification.version" value="17"/>
    <property name="sun.cpu.isalist" value="amd64"/>
    <property name="sun.jnu.encoding" value="Cp1252"/>
    <property name="java.class.path" value="C:\Users\bruno\NetBeansProjects\Linguagem-de-Programacao\projeto2-heranca-incompleto\target\test-classes;C:\Users\bruno\NetBeansProjects\Linguagem-de-Programacao\projeto2-heranca-incompleto\target\classes;C:\Users\bruno\.m2\repository\org\apache\commons\commons-lang3\3.12.0\commons-lang3-3.12.0.jar;C:\Users\bruno\.m2\repository\org\junit\jupiter\junit-jupiter-api\5.9.0\junit-jupiter-api-5.9.0.jar;C:\Users\bruno\.m2\repository\org\opentest4j\opentest4j\1.2.0\opentest4j-1.2.0.jar;C:\Users\bruno\.m2\repository\org\junit\platform\junit-platform-commons\1.9.0\junit-platform-commons-1.9.0.jar;C:\Users\bruno\.m2\repository\org\apiguardian\apiguardian-api\1.1.2\apiguardian-api-1.1.2.jar;C:\Users\bruno\.m2\repository\org\junit\jupiter\junit-jupiter-params\5.9.0\junit-jupiter-params-5.9.0.jar;C:\Users\bruno\.m2\repository\org\junit\jupiter\junit-jupiter-engine\5.9.0\junit-jupiter-engine-5.9.0.jar;C:\Users\bruno\.m2\repository\org\junit\platform\junit-platform-engine\1.9.0\junit-platform-engine-1.9.0.jar;"/>
    <property name="java.vm.vendor" value="Oracle Corporation"/>
    <property name="sun.arch.data.model" value="64"/>
    <property name="user.variant" value=""/>
    <property name="java.vendor.url" value="https://java.oracle.com/"/>
    <property name="user.timezone" value="America/Sao_Paulo"/>
    <property name="os.name" value="Windows 11"/>
    <property name="java.vm.specification.version" value="17"/>
    <property name="user.country" value="BR"/>
    <property name="sun.java.launcher" value="SUN_STANDARD"/>
    <property name="sun.boot.library.path" value="C:\Program Files\Java\jdk-17\bin"/>
    <property name="sun.java.command" value="C:\Users\bruno\AppData\Local\Temp\surefire16806980003987665053\surefirebooter6265339637245006610.jar C:\Users\bruno\AppData\Local\Temp\surefire16806980003987665053 2023-05-17T00-19-33_620-jvmRun1 surefire12647014961633313441tmp surefire_017279940634774939770tmp"/>
    <property name="jdk.debug" value="release"/>
    <property name="surefire.test.class.path" value="C:\Users\bruno\NetBeansProjects\Linguagem-de-Programacao\projeto2-heranca-incompleto\target\test-classes;C:\Users\bruno\NetBeansProjects\Linguagem-de-Programacao\projeto2-heranca-incompleto\target\classes;C:\Users\bruno\.m2\repository\org\apache\commons\commons-lang3\3.12.0\commons-lang3-3.12.0.jar;C:\Users\bruno\.m2\repository\org\junit\jupiter\junit-jupiter-api\5.9.0\junit-jupiter-api-5.9.0.jar;C:\Users\bruno\.m2\repository\org\opentest4j\opentest4j\1.2.0\opentest4j-1.2.0.jar;C:\Users\bruno\.m2\repository\org\junit\platform\junit-platform-commons\1.9.0\junit-platform-commons-1.9.0.jar;C:\Users\bruno\.m2\repository\org\apiguardian\apiguardian-api\1.1.2\apiguardian-api-1.1.2.jar;C:\Users\bruno\.m2\repository\org\junit\jupiter\junit-jupiter-params\5.9.0\junit-jupiter-params-5.9.0.jar;C:\Users\bruno\.m2\repository\org\junit\jupiter\junit-jupiter-engine\5.9.0\junit-jupiter-engine-5.9.0.jar;C:\Users\bruno\.m2\repository\org\junit\platform\junit-platform-engine\1.9.0\junit-platform-engine-1.9.0.jar;"/>
    <property name="sun.cpu.endian" value="little"/>
    <property name="user.home" value="C:\Users\bruno"/>
    <property name="user.language" value="pt"/>
    <property name="java.specification.vendor" value="Oracle Corporation"/>
    <property name="java.version.date" value="2023-01-17"/>
    <property name="java.home" value="C:\Program Files\Java\jdk-17"/>
    <property name="file.separator" value="\"/>
    <property name="basedir" value="C:\Users\bruno\NetBeansProjects\Linguagem-de-Programacao\projeto2-heranca-incompleto"/>
    <property name="java.vm.compressedOopsMode" value="32-bit"/>
    <property name="line.separator" value="&#10;"/>
    <property name="java.vm.specification.vendor" value="Oracle Corporation"/>
    <property name="java.specification.name" value="Java Platform API Specification"/>
    <property name="surefire.real.class.path" value="C:\Users\bruno\AppData\Local\Temp\surefire16806980003987665053\surefirebooter6265339637245006610.jar"/>
    <property name="user.script" value=""/>
    <property name="sun.management.compiler" value="HotSpot 64-Bit Tiered Compilers"/>
    <property name="java.runtime.version" value="17.0.6+9-LTS-190"/>
    <property name="user.name" value="bruno"/>
    <property name="path.separator" value=";"/>
    <property name="os.version" value="10.0"/>
    <property name="java.runtime.name" value="Java(TM) SE Runtime Environment"/>
    <property name="file.encoding" value="UTF-8"/>
    <property name="java.vm.name" value="Java HotSpot(TM) 64-Bit Server VM"/>
    <property name="maven.ext.class.path" value="C:\Program Files\NetBeans-12.6\netbeans\java\maven-nblib\netbeans-eventspy.jar"/>
    <property name="localRepository" value="C:\Users\bruno\.m2\repository"/>
    <property name="java.vendor.url.bug" value="https://bugreport.java.com/bugreport/"/>
    <property name="java.io.tmpdir" value="C:\Users\bruno\AppData\Local\Temp\"/>
    <property name="java.version" value="17.0.6"/>
    <property name="user.dir" value="C:\Users\bruno\NetBeansProjects\Linguagem-de-Programacao\projeto2-heranca-incompleto"/>
    <property name="os.arch" value="amd64"/>
    <property name="java.vm.specification.name" value="Java Virtual Machine Specification"/>
    <property name="sun.os.patch.level" value=""/>
    <property name="native.encoding" value="Cp1252"/>
    <property name="java.library.path" value="C:\Program Files\Java\jdk-17\bin;C:\WINDOWS\Sun\Java\bin;C:\WINDOWS\system32;C:\WINDOWS;C:\Program Files\Common Files\Oracle\Java\javapath;C:\WINDOWS\system32;C:\WINDOWS;C:\WINDOWS\System32\Wbem;C:\WINDOWS\System32\WindowsPowerShell\v1.0\;C:\WINDOWS\System32\OpenSSH\;C:\Program Files\Git\cmd;C:\Program Files\nodejs\;C:\Program Files\MySQL\MySQL Shell 8.0\bin\;C:\Users\bruno\AppData\Local\Microsoft\WindowsApps;;C:\Users\bruno\AppData\Local\Programs\Microsoft VS Code\bin;C:\Users\bruno\AppData\Roaming\npm;."/>
    <property name="java.vm.info" value="mixed mode, sharing"/>
    <property name="java.vendor" value="Oracle Corporation"/>
    <property name="java.vm.version" value="17.0.6+9-LTS-190"/>
    <property name="sun.io.unicode.encoding" value="UnicodeLittle"/>
    <property name="java.class.version" value="61.0"/>
  </properties>
  <testcase name="removerProduto(): dado um valor inválido não deve lançar um erro" classname="school.sptech.projeto1.heranca.CarrinhoTest" time="0.046">
    <system-out><![CDATA[Produto adicionado ao carrinho
Produto adicionado ao carrinho
Produto adicionado ao carrinho
Produto adicionado ao carrinho
Produto adicionado ao carrinho
Produto adicionado ao carrinho
Produto adicionado ao carrinho
Produto adicionado ao carrinho
Produto adicionado ao carrinho
Produto adicionado ao carrinho
Produto adicionado ao carrinho
]]></system-out>
  </testcase>
  <testcase name="adicionarProduto(): dado um valor válido deve adicionar o produto no carrinho" classname="school.sptech.projeto1.heranca.CarrinhoTest" time="0.023">
    <error type="java.lang.NullPointerException"><![CDATA[java.lang.NullPointerException: Cannot invoke "java.util.List.size()" because the return value of "school.sptech.projeto1.heranca.Carrinho.getProdutos()" is null
	at school.sptech.projeto1.heranca.CarrinhoTest.dadoUmValorValidoMetodoAdicionarProdutoDeveAdicionarOProdutoNoCarrinho(CarrinhoTest.java:43)
]]></error>
    <system-out><![CDATA[Produto adicionado ao carrinho
Produto adicionado ao carrinho
Produto adicionado ao carrinho
Produto adicionado ao carrinho
Produto adicionado ao carrinho
Produto adicionado ao carrinho
Produto adicionado ao carrinho
Produto adicionado ao carrinho
Produto adicionado ao carrinho
Produto adicionado ao carrinho
Produto adicionado ao carrinho
Produto adicionado ao carrinho
]]></system-out>
  </testcase>
  <testcase name="adicionarProduto(): dado um valor inválido não deve adicionar o produto no carrinho" classname="school.sptech.projeto1.heranca.CarrinhoTest" time="0.004">
    <error type="java.lang.NullPointerException"><![CDATA[java.lang.NullPointerException: Cannot invoke "school.sptech.projeto1.heranca.Produto.getPreco()" because "produto" is null
	at school.sptech.projeto1.heranca.CarrinhoTest.dadoUmValorInvalidoMetodoAdicionarProdutoNaoDeveAdicionarOProdutoNoCarrinho(CarrinhoTest.java:52)
]]></error>
    <system-out><![CDATA[Produto adicionado ao carrinho
Produto adicionado ao carrinho
Produto adicionado ao carrinho
Produto adicionado ao carrinho
Produto adicionado ao carrinho
Produto adicionado ao carrinho
Produto adicionado ao carrinho
Produto adicionado ao carrinho
Produto adicionado ao carrinho
Produto adicionado ao carrinho
Produto adicionado ao carrinho
]]></system-out>
  </testcase>
  <testcase name="findProdutoPeloNome(): quando nome inválido deve retornar null" classname="school.sptech.projeto1.heranca.CarrinhoTest" time="0.005">
    <system-out><![CDATA[Produto adicionado ao carrinho
Produto adicionado ao carrinho
Produto adicionado ao carrinho
Produto adicionado ao carrinho
Produto adicionado ao carrinho
Produto adicionado ao carrinho
Produto adicionado ao carrinho
Produto adicionado ao carrinho
Produto adicionado ao carrinho
Produto adicionado ao carrinho
Produto adicionado ao carrinho
]]></system-out>
  </testcase>
  <testcase name="findProdutoPeloIndice(): quando índice inválido deve retornar null" classname="school.sptech.projeto1.heranca.CarrinhoTest" time="0.002">
    <system-out><![CDATA[Produto adicionado ao carrinho
Produto adicionado ao carrinho
Produto adicionado ao carrinho
Produto adicionado ao carrinho
Produto adicionado ao carrinho
Produto adicionado ao carrinho
Produto adicionado ao carrinho
Produto adicionado ao carrinho
Produto adicionado ao carrinho
Produto adicionado ao carrinho
Produto adicionado ao carrinho
]]></system-out>
  </testcase>
  <testcase name="findProdutoPeloNome(): quando nome válido caixa baixa deve retornar o produto encontrado" classname="school.sptech.projeto1.heranca.CarrinhoTest" time="0.005">
    <system-out><![CDATA[Produto adicionado ao carrinho
Produto adicionado ao carrinho
Produto adicionado ao carrinho
Produto adicionado ao carrinho
Produto adicionado ao carrinho
Produto adicionado ao carrinho
Produto adicionado ao carrinho
Produto adicionado ao carrinho
Produto adicionado ao carrinho
Produto adicionado ao carrinho
Produto adicionado ao carrinho
]]></system-out>
  </testcase>
  <testcase name="removerProduto(): dado um valor válido deve remover o produto da lista" classname="school.sptech.projeto1.heranca.CarrinhoTest" time="0.002">
    <error type="java.lang.NullPointerException"><![CDATA[java.lang.NullPointerException: Cannot invoke "java.util.List.size()" because the return value of "school.sptech.projeto1.heranca.Carrinho.getProdutos()" is null
	at school.sptech.projeto1.heranca.CarrinhoTest.aoPassarUmValorValidoMetodoRemoverProdutoDeveRemoverOProdutoDaLista(CarrinhoTest.java:64)
]]></error>
    <system-out><![CDATA[Produto adicionado ao carrinho
Produto adicionado ao carrinho
Produto adicionado ao carrinho
Produto adicionado ao carrinho
Produto adicionado ao carrinho
Produto adicionado ao carrinho
Produto adicionado ao carrinho
Produto adicionado ao carrinho
Produto adicionado ao carrinho
Produto adicionado ao carrinho
Produto adicionado ao carrinho
]]></system-out>
  </testcase>
  <testcase name="parcelarCompra(): deve calcular o valor de cada parcela dependendo da quantidade selecionada" classname="school.sptech.projeto1.heranca.CarrinhoTest" time="0.003">
    <system-out><![CDATA[Produto adicionado ao carrinho
Produto adicionado ao carrinho
Produto adicionado ao carrinho
Produto adicionado ao carrinho
Produto adicionado ao carrinho
Produto adicionado ao carrinho
Produto adicionado ao carrinho
Produto adicionado ao carrinho
Produto adicionado ao carrinho
Produto adicionado ao carrinho
Produto adicionado ao carrinho
Produto adicionado ao carrinho
Produto adicionado ao carrinho
Produto adicionado ao carrinho
Produto adicionado ao carrinho
]]></system-out>
  </testcase>
  <testcase name="countProdutosInternacionais(): deve retornar a quantidade de produtos internacionais no carrinho - Cenário 1" classname="school.sptech.projeto1.heranca.CarrinhoTest" time="0.001">
    <system-out><![CDATA[Produto adicionado ao carrinho
Produto adicionado ao carrinho
Produto adicionado ao carrinho
Produto adicionado ao carrinho
Produto adicionado ao carrinho
Produto adicionado ao carrinho
Produto adicionado ao carrinho
Produto adicionado ao carrinho
Produto adicionado ao carrinho
Produto adicionado ao carrinho
Produto adicionado ao carrinho
]]></system-out>
  </testcase>
  <testcase name="findProdutoPorCategoria(): quando categoria inválida deve retornar uma lista vazia" classname="school.sptech.projeto1.heranca.CarrinhoTest" time="0.002">
    <system-out><![CDATA[Produto adicionado ao carrinho
Produto adicionado ao carrinho
Produto adicionado ao carrinho
Produto adicionado ao carrinho
Produto adicionado ao carrinho
Produto adicionado ao carrinho
Produto adicionado ao carrinho
Produto adicionado ao carrinho
Produto adicionado ao carrinho
Produto adicionado ao carrinho
Produto adicionado ao carrinho
]]></system-out>
  </testcase>
  <testcase name="findProdutoPeloIndice(): quando índice válido deve retornar o produto encontrado" classname="school.sptech.projeto1.heranca.CarrinhoTest" time="0.002">
    <failure type="org.opentest4j.AssertionFailedError"><![CDATA[org.opentest4j.AssertionFailedError: expected: <school.sptech.projeto1.heranca.Produto@5ffead27> but was: <school.sptech.projeto1.heranca.Produto@6356695f>
	at school.sptech.projeto1.heranca.CarrinhoTest.quandoIndiceValidoMetodoFindProdutoPeloIndiceDeveRetornarOProdutoEncontrado(CarrinhoTest.java:105)
]]></failure>
    <system-out><![CDATA[Produto adicionado ao carrinho
Produto adicionado ao carrinho
Produto adicionado ao carrinho
Produto adicionado ao carrinho
Produto adicionado ao carrinho
Produto adicionado ao carrinho
Produto adicionado ao carrinho
Produto adicionado ao carrinho
Produto adicionado ao carrinho
Produto adicionado ao carrinho
Produto adicionado ao carrinho
]]></system-out>
  </testcase>
  <testcase name="findProdutoPorCategoria(): quando categoria válida e em caixa alta deve retornar todos os produtos encontrados" classname="school.sptech.projeto1.heranca.CarrinhoTest" time="0.001">
    <system-out><![CDATA[Produto adicionado ao carrinho
Produto adicionado ao carrinho
Produto adicionado ao carrinho
Produto adicionado ao carrinho
Produto adicionado ao carrinho
Produto adicionado ao carrinho
Produto adicionado ao carrinho
Produto adicionado ao carrinho
Produto adicionado ao carrinho
Produto adicionado ao carrinho
Produto adicionado ao carrinho
]]></system-out>
  </testcase>
  <testcase name="findProdutoPeloNome(): quando nome válido deve retornar o produto encontrado" classname="school.sptech.projeto1.heranca.CarrinhoTest" time="0.001">
    <system-out><![CDATA[Produto adicionado ao carrinho
Produto adicionado ao carrinho
Produto adicionado ao carrinho
Produto adicionado ao carrinho
Produto adicionado ao carrinho
Produto adicionado ao carrinho
Produto adicionado ao carrinho
Produto adicionado ao carrinho
Produto adicionado ao carrinho
Produto adicionado ao carrinho
Produto adicionado ao carrinho
]]></system-out>
  </testcase>
  <testcase name="calcularTotal(): deve calcular o valor de todos os itens do carrinho" classname="school.sptech.projeto1.heranca.CarrinhoTest" time="0.001">
    <system-out><![CDATA[Produto adicionado ao carrinho
Produto adicionado ao carrinho
Produto adicionado ao carrinho
Produto adicionado ao carrinho
Produto adicionado ao carrinho
Produto adicionado ao carrinho
Produto adicionado ao carrinho
Produto adicionado ao carrinho
Produto adicionado ao carrinho
Produto adicionado ao carrinho
Produto adicionado ao carrinho
Produto adicionado ao carrinho
Produto adicionado ao carrinho
Produto adicionado ao carrinho
Produto adicionado ao carrinho
]]></system-out>
  </testcase>
  <testcase name="findProdutoPorCategoria(): quando categoria válida deve retornar todos os produtos encontrados" classname="school.sptech.projeto1.heranca.CarrinhoTest" time="0.001">
    <system-out><![CDATA[Produto adicionado ao carrinho
Produto adicionado ao carrinho
Produto adicionado ao carrinho
Produto adicionado ao carrinho
Produto adicionado ao carrinho
Produto adicionado ao carrinho
Produto adicionado ao carrinho
Produto adicionado ao carrinho
Produto adicionado ao carrinho
Produto adicionado ao carrinho
Produto adicionado ao carrinho
]]></system-out>
  </testcase>
  <testcase name="countProdutosInternacionais(): deve retornar a quantidade de produtos internacionais no carrinho - Cenário 2" classname="school.sptech.projeto1.heranca.CarrinhoTest" time="0.001">
    <system-out><![CDATA[Produto adicionado ao carrinho
Produto adicionado ao carrinho
Produto adicionado ao carrinho
Produto adicionado ao carrinho
Produto adicionado ao carrinho
Produto adicionado ao carrinho
Produto adicionado ao carrinho
Produto adicionado ao carrinho
Produto adicionado ao carrinho
Produto adicionado ao carrinho
Produto adicionado ao carrinho
Produto adicionado ao carrinho
Produto adicionado ao carrinho
Produto adicionado ao carrinho
Produto adicionado ao carrinho
]]></system-out>
  </testcase>
</testsuite>